<?xml version="1.0" encoding="utf-8"?><testsuites><testsuite errors="0" failures="0" hostname="X202E" name="pytest" skipped="0" tests="6" time="0.700" timestamp="2019-10-10T21:40:18.228533"><testcase classname="test_submit.TestChallenge9" file="test_submit.py" line="22" name="test_agent" time="0.012"></testcase><testcase classname="test_submit.TestChallenge9" file="test_submit.py" line="30" name="test_event" time="0.005"></testcase><testcase classname="test_submit.TestChallenge9" file="test_submit.py" line="38" name="test_event1" time="0.011"></testcase><testcase classname="test_submit.TestChallenge9" file="test_submit.py" line="26" name="test_group" time="0.005"></testcase><testcase classname="test_submit.TestChallenge9" file="test_submit.py" line="17" name="test_user" time="0.009"></testcase><testcase classname="test_submit.TestChallenge9" file="test_submit.py" line="42" name="test_user_group" time="0.008"></testcase></testsuite></testsuites>